 █ █████████████ ███ █████ █████████████ 
█.█.............█...█.....█.............█
█.█.█.█████████.███.█.█.█.█████████.███.█
█...█.......█.█...█...█.█...█.....█.█...█
█.█████████.█.███.█.███.███.█.███.█.█.██ 
█.....█...█.█.....█.█...█.....█.█.█.█...█
 ██████.█.█.█.███████.█████████.█.█.███.█
█.......█...█...█...█.█...█.......█.█...█
█.█████████████.█.█.█.█.█.███.███████.█.█
█xxx█xxxxx█...█...█.█...█...█.........█.█
█x█x█x███x█.███████.███.███.█.█████████.█
█x█x█xxx█x█...........█.█...█.█xxx█.....█
█x█x███x█x█.█████████.███.█████x█x█.████ 
█x█xxxxx█x█...█xxx█.....█.█xxxxx█x█.....█
█x███████x█████x█x█████.█.█x█████x█████.█
█x█xxx█.█xxxxxxx█xxx█.....█x....█x█.....█
█x█x█x█.████████ ██x███████x█████x██████ 
█x█x█x█xxxxxxxxx█.█x█xxxxxxx█xxx█x█xxxxx█
█x█x█x█x███████x█.█x█x███████x█x█x█x███x█
█xxx█xxx█.█xxxxx█.█xxx█xxxxxxx█x█xxx..█x█
 ████████.█x█████.█████x███████x█████.█x█
█.....█xxxxx█xxxxx█.█Sxx█.....█xxxxx█.█x█
█.███.█x█████x███x█.█████.█.███████x███x█
█.█...█xxxxx█x█.█xxxxxxx█.█.....█xxx█xxx█
█.████ ████x█x█.█.█████x██ ████.█x███x█.█
█.█xxx█xxx█x█x█...█xxx█xxx█xxxxx█x█..x█.█
█.█x█x█x█x█x█x█████x█x███x█x███x█x███x██ 
█xxx█xxx█xxx█xxxxxxx█x█..x█x█.█x█xxx█xxx█
█x█████████████.█████x███x█x█.█x███x███x█
█x█....xxxxxxx█     █xxx█x█x█..xxx█x█xxx█
█x█████x█████x█      ██x█x█x█████x█x█x██ 
█xxx█xxx█...█x█       █x█xxx█xxx█x█xxx█.█
 ██x█x███.█.█x█       █x█.███x█x█x█████.█
█.█x█x█...█.█x█       █x█.█xxx█x█xxx█xxx█
█.█x█x█.█████x██ ███  █x███x███x███x█x█x█
█.█xxx█xxxxx█xxx█xxx█ █xxxxx█xxx█xxx█x█x█
█.█████x███x███x█x█x█████████x███x███x█x█
█...█xxx█.█xxxxx█x█x█xxxxx█xxx█ █xxx█!█x█
█.███x███.███████x█x█x███x█x███.███x███x█
█....xxxxxxxxxxxxx█xxx█..xxx█......xxxxx█
 █████████████████ ███ █████ ███████████ 
